[backblue.gif]
[fade.gif]
[index.html]
[pro2-bar-s3-cdn-cf.myportfolio.com/c4207968-4b76-4e0c-b3f8-1f6e3d6f150f/bc7b0f42-552b-4b9c-ba3c-076c1ee84dea_rwc_91x40x1118x630x323a2f.png]
[use.typekit.net/ik/IvxLcRKGTH2mBzNHxFrAP6ifC6BxZBCh1FoPNsNcLEIfeGwffHYEBsJzwD9oFDIDWhJ3jQFKjDqUFDI3ZcscFc9ujAIkFRiKFhj3FQJoFhJhZ2MujRju5Qb-86I7OcTydAmDSagyScl8SkoRdkou-k37OcuoSeNkieZzde8zOcFzdP37O1gkdDJlic88ikolpWgzS1]
[pro2-bar-s3-cdn-cf.myportfolio.com/c4207968-4b76-4e0c-b3f8-1f6e3d6f150f/bc7b0f42-552b-4b9c-ba3c-076c1ee84dea_rwc_91x40x1118x630x1118fb2d.png]
[pro2-bar-s3-cdn-cf1.myportfolio.com/c4207968-4b76-4e0c-b3f8-1f6e3d6f150f/9a6eee7f-3d49-49d8-a0d9-dce61ad8dea6_rwc_530x350x1794x1011x32a52a.png]
[pro2-bar-s3-cdn-cf1.myportfolio.com/c4207968-4b76-4e0c-b3f8-1f6e3d6f150f/9a6eee7f-3d49-49d8-a0d9-dce61ad8dea6_rwc_530x350x1794x1011x1794826a.png]
[pro2-bar-s3-cdn-cf1.myportfolio.com/c4207968-4b76-4e0c-b3f8-1f6e3d6f150f/9e6648b7-0649-46c6-b963-19d33b585fae_rwc_25x0x2824x1592x32a4f2.png]
[pro2-bar-s3-cdn-cf1.myportfolio.com/c4207968-4b76-4e0c-b3f8-1f6e3d6f150f/9e6648b7-0649-46c6-b963-19d33b585fae_rwc_25x0x2824x1592x28247891.png]
[pro2-bar-s3-cdn-cf6.myportfolio.com/c4207968-4b76-4e0c-b3f8-1f6e3d6f150f/af3a2bb7-323f-4683-920f-ac530f372c71_rwc_274x162x685x386x326ac0.png]
[pro2-bar-s3-cdn-cf6.myportfolio.com/c4207968-4b76-4e0c-b3f8-1f6e3d6f150f/af3a2bb7-323f-4683-920f-ac530f372c71_rwc_274x162x685x386x6858534.png]
[pro2-bar-s3-cdn-cf1.myportfolio.com/c4207968-4b76-4e0c-b3f8-1f6e3d6f150f/2673514f-0b3d-4449-ac64-3f1de6ed5c9c_rwc_0x175x2569x1448x32d5d7.png]
[pro2-bar-s3-cdn-cf1.myportfolio.com/c4207968-4b76-4e0c-b3f8-1f6e3d6f150f/2673514f-0b3d-4449-ac64-3f1de6ed5c9c_rwc_0x175x2569x1448x2569b54c.png]
[pro2-bar-s3-cdn-cf3.myportfolio.com/c4207968-4b76-4e0c-b3f8-1f6e3d6f150f/41423261-bbb6-4dfa-aa48-57a7337a1128_rwc_243x106x811x457x329017.png]
[pro2-bar-s3-cdn-cf3.myportfolio.com/c4207968-4b76-4e0c-b3f8-1f6e3d6f150f/41423261-bbb6-4dfa-aa48-57a7337a1128_rwc_243x106x811x457x811fcae.png]
[pro2-bar-s3-cdn-cf4.myportfolio.com/c4207968-4b76-4e0c-b3f8-1f6e3d6f150f/5e9147f1-4ca5-4236-8cd0-7b03bfa0f3a0_rwc_751x356x1669x940x326a7d.png]
[pro2-bar-s3-cdn-cf4.myportfolio.com/c4207968-4b76-4e0c-b3f8-1f6e3d6f150f/5e9147f1-4ca5-4236-8cd0-7b03bfa0f3a0_rwc_751x356x1669x940x1669b860.png]
[pro2-bar-s3-cdn-cf2.myportfolio.com/c4207968-4b76-4e0c-b3f8-1f6e3d6f150f/3be4b6ad-27da-4a8f-8ebb-c77edc265519_rwc_0x91x2879x1623x3258a1.png]
[pro2-bar-s3-cdn-cf2.myportfolio.com/c4207968-4b76-4e0c-b3f8-1f6e3d6f150f/3be4b6ad-27da-4a8f-8ebb-c77edc265519_rwc_0x91x2879x1623x28796cf6.png]
[pro2-bar-s3-cdn-cf2.myportfolio.com/c4207968-4b76-4e0c-b3f8-1f6e3d6f150f/ddc27ddf-4d4d-4f59-b011-19c6105d6892_rwc_0x91x2879x1623x323f7a.png]
[pro2-bar-s3-cdn-cf2.myportfolio.com/c4207968-4b76-4e0c-b3f8-1f6e3d6f150f/ddc27ddf-4d4d-4f59-b011-19c6105d6892_rwc_0x91x2879x1623x28794d26.png]
[pro2-bar-s3-cdn-cf.myportfolio.com/c4207968-4b76-4e0c-b3f8-1f6e3d6f150f/87b89224-7dea-4161-ba58-d900961e8572_rwc_130x71x923x520x324419.png]
[pro2-bar-s3-cdn-cf.myportfolio.com/c4207968-4b76-4e0c-b3f8-1f6e3d6f150f/87b89224-7dea-4161-ba58-d900961e8572_rwc_130x71x923x520x9231cb2.png]
[pro2-bar-s3-cdn-cf6.myportfolio.com/c4207968-4b76-4e0c-b3f8-1f6e3d6f150f/082978eb-cbf5-4eb0-a467-fec196676262_rwc_0x40x1280x721x3263ac.png]
[pro2-bar-s3-cdn-cf6.myportfolio.com/c4207968-4b76-4e0c-b3f8-1f6e3d6f150f/082978eb-cbf5-4eb0-a467-fec196676262_rwc_0x40x1280x721x1280d79d.png]
[pro2-bar-s3-cdn-cf1.myportfolio.com/c4207968-4b76-4e0c-b3f8-1f6e3d6f150f/926a70ab-f05e-4b86-8db5-9a12e90f2c18_rwc_384x307x2113x1191x3226ca.png]
[pro2-bar-s3-cdn-cf1.myportfolio.com/c4207968-4b76-4e0c-b3f8-1f6e3d6f150f/926a70ab-f05e-4b86-8db5-9a12e90f2c18_rwc_384x307x2113x1191x21139f47.png]
[pro2-bar-s3-cdn-cf6.myportfolio.com/c4207968-4b76-4e0c-b3f8-1f6e3d6f150f/050a96ec-a037-4ccf-a8cf-e384569968c3_rwc_297x317x2113x1191x32c23b.png]
[pro2-bar-s3-cdn-cf6.myportfolio.com/c4207968-4b76-4e0c-b3f8-1f6e3d6f150f/050a96ec-a037-4ccf-a8cf-e384569968c3_rwc_297x317x2113x1191x2113b48a.png]
[pro2-bar-s3-cdn-cf.myportfolio.com/c4207968-4b76-4e0c-b3f8-1f6e3d6f150f/133b7b6f-d62f-4c35-9138-defd0db3af23_rwc_76x96x2113x1191x321d74.png]
[pro2-bar-s3-cdn-cf.myportfolio.com/c4207968-4b76-4e0c-b3f8-1f6e3d6f150f/133b7b6f-d62f-4c35-9138-defd0db3af23_rwc_76x96x2113x1191x21134882.png]
[pro2-bar-s3-cdn-cf4.myportfolio.com/c4207968-4b76-4e0c-b3f8-1f6e3d6f150f/fd2a22ee-bdb6-4064-a18f-518ca799b124_rwc_107x131x1031x581x32971e.png]
[pro2-bar-s3-cdn-cf4.myportfolio.com/c4207968-4b76-4e0c-b3f8-1f6e3d6f150f/fd2a22ee-bdb6-4064-a18f-518ca799b124_rwc_107x131x1031x581x10319ada.png]
[pro2-bar-s3-cdn-cf1.myportfolio.com/c4207968-4b76-4e0c-b3f8-1f6e3d6f150f/2cec7bd5-5311-43e1-9f09-fd5c1ba996e7_rwc_0x40x1280x721x3236ab.png]
[pro2-bar-s3-cdn-cf1.myportfolio.com/c4207968-4b76-4e0c-b3f8-1f6e3d6f150f/2cec7bd5-5311-43e1-9f09-fd5c1ba996e7_rwc_0x40x1280x721x128088dd.png]
[jamessparkes.co.uk/site/translations9c0e]
[jamessparkes.co.uk/dist/js/main9c0e.js]
[jamessparkes.co.uk/index.html]
[jamessparkes.co.uk/dist/css/main.css]
[pro2-bar-s3-cdn-cf3.myportfolio.com/c4207968-4b76-4e0c-b3f8-1f6e3d6f150f/4ed95690-e712-433f-b153-15f7cd7943d1_rwc_266x384x1689x1077x4096536f.png]
[pro2-bar-s3-cdn-cf2.myportfolio.com/c4207968-4b76-4e0c-b3f8-1f6e3d6f150f/3b993f79196a760d44072802dd57d235163238970043ef.css]
[jamessparkes.co.uk/work.html]
[jamessparkes.co.uk/contact.html]
[jamessparkes.co.uk/glorious-soups-adventures.html]
[jamessparkes.co.uk/jacuzzi-uk-sally-gunnell.html]
[jamessparkes.co.uk/ninja-kitchen-uk.html]
[jamessparkes.co.uk/manchester-city-wonderment-tour.html]
[jamessparkes.co.uk/sharkninja-product-videos.html]
[jamessparkes.co.uk/natasha-j-bella.html]
[jamessparkes.co.uk/nhs-community-care-bag.html]
[jamessparkes.co.uk/hope-winter-live-sessions.html]
[jamessparkes.co.uk/national-bed-federation-buy-british-campaign.html]
[jamessparkes.co.uk/red-bullet-creative-brand-film.html]
[jamessparkes.co.uk/test-page.html]
[jamessparkes.co.uk/park-leisure-concierge-ownership.html]
[jamessparkes.co.uk/ecco-safety-group-corporate-film.html]
[jamessparkes.co.uk/tilsatec-58-41-range.html]
[jamessparkes.co.uk/chameleon-technology-european-utility-week-2019.html]
[jamessparkes.co.uk/york-st-john-university-graduation.html]
[pro2-bar-s3-cdn-cf2.myportfolio.com/c4207968-4b76-4e0c-b3f8-1f6e3d6f150f/d73e22acd9ce14407c7ac348d72585fb16323897002fff.css]
[pro2-bar-s3-cdn-cf6.myportfolio.com/c4207968-4b76-4e0c-b3f8-1f6e3d6f150f/7835d916c6276d7647ec34fd010e740116323897005e22.css]
[pro2-bar-s3-cdn-cf6.myportfolio.com/c4207968-4b76-4e0c-b3f8-1f6e3d6f150f/717829a48b5fad64747b7bf2f577ae73163238970030e3.css]
[pro2-bar-s3-cdn-cf3.myportfolio.com/c4207968-4b76-4e0c-b3f8-1f6e3d6f150f/e2b468deec2c15b9c444ef6a7559403416323897000b06.css]
[pro2-bar-s3-cdn-cf6.myportfolio.com/c4207968-4b76-4e0c-b3f8-1f6e3d6f150f/0623f38cf66bb4a1b68e3cd9d70b8396163238970032f7.css]
